C51 COMPILER V9.53.0.0   MAIN                                                              10/22/2019 02:12:25 PAGE 1   


C51 COMPILER V9.53.0.0, COMPILATION OF MODULE MAIN
OBJECT MODULE PLACED IN .\Output\main.obj
COMPILER INVOKED BY: C:\Keil_v5_C51\C51\BIN\C51.EXE Code\main.c OPTIMIZE(0,SPEED) BROWSE INCDIR(Common;Include;.\Code\he
                    -ader) DEFINE(FOSC_10000) DEBUG OBJECTEXTEND PRINT(.\Output\LST\main.lst) TABS(2) OBJECT(.\Output\main.obj)

line level    source

   1          #include "main.h"
   2          
   3          bit BIT_TMP;
   4          #define PWM_OUTPUT_DISABLE clr_PIO01
   5          
   6          void main(void)
   7          {   
   8   1        UINT16 VDD; //mV
   9   1        static UINT8 state = 0;
  10   1        static UINT8 button_state = 0;
  11   1        static bit long_press = 0;
  12   1        init ();
  13   1        VDD = get_VDD();
  14   1      
  15   1        
  16   1        set_LIRC();
  17   1        
  18   1        while (1)
  19   1        {
  20   2          button_state = button(P15);
  21   2          if (button_state == 1)
  22   2            state++;
  23   2          
  24   2          if (button_state == 2)
  25   2            long_press = ~long_press;
  26   2          
  27   2          
  28   2          if (state > 3)
  29   2            power_down();
  30   2          
  31   2          if (VDD < 3550)
  32   2            low_bat_blink();
  33   2          
  34   2          if (VDD < 3000)//3550
  35   2          {
  36   3            low_bat_blink();
  37   3            power_down();
  38   3          }
  39   2          
  40   2          else
  41   2          {
  42   3            switch(state)
  43   3              {
  44   4                case 0:
  45   4                {
  46   5                      UINT8 i = 0;
  47   5                      PWM_OUTPUT_DISABLE;
  48   5                      for(i = 0; i < 200; i++);
  49   5                      init_charge(VDD);
  50   5                      for(i = 0; i < 200; i++);
  51   5                      state = 1;
  52   5                
  53   5                }
  54   4                case 1:
C51 COMPILER V9.53.0.0   MAIN                                                              10/22/2019 02:12:25 PAGE 2   

  55   4                  {           
  56   5                    blink_fast();
  57   5                    break;
  58   5                  }
  59   4                case 2:
  60   4                  {
  61   5                    set_PIO01;
  62   5                    break;
  63   5                  }
  64   4                case 3:
  65   4                {
  66   5                  power_down();           
  67   5                }
  68   4              
  69   4              }
  70   3      
  71   3          }
  72   2            
  73   2          if (cycles(512) || long_change(long_press))
  74   2          {
  75   3            set_HIRC();
  76   3            VDD = get_VDD();
  77   3            set_PWM(VDD, long_press);
  78   3            set_LIRC();
  79   3          }
  80   2          set_WDCLR; //wachdog reset        
  81   2        }
  82   1      }


MODULE INFORMATION:   STATIC OVERLAYABLE
   CODE SIZE        =    222    ----
   CONSTANT SIZE    =   ----    ----
   XDATA SIZE       =   ----    ----
   PDATA SIZE       =   ----    ----
   DATA SIZE        =      5    ----
   IDATA SIZE       =   ----    ----
   BIT SIZE         =      2    ----
END OF MODULE INFORMATION.


C51 COMPILATION COMPLETE.  0 WARNING(S),  0 ERROR(S)
