C51 COMPILER V9.53.0.0   BUTTON_DEBOUNCE                                                   10/22/2019 02:12:25 PAGE 1   


C51 COMPILER V9.53.0.0, COMPILATION OF MODULE BUTTON_DEBOUNCE
OBJECT MODULE PLACED IN .\Output\Button_debounce.obj
COMPILER INVOKED BY: C:\Keil_v5_C51\C51\BIN\C51.EXE Code\src\Button_debounce.c OPTIMIZE(0,SPEED) BROWSE INCDIR(Common;In
                    -clude;.\Code\header) DEFINE(FOSC_10000) DEBUG OBJECTEXTEND PRINT(.\Output\LST\Button_debounce.lst) TABS(2) OBJECT(.\Outp
                    -ut\Button_debounce.obj)

line level    source

   1          #include "N76E003.h"
   2          #include "Common.h"
   3          #include "SFR_Macro.h"
   4          #include "Function_define.h"
   5          /////////////////////////
   6          
   7          #include "Button_debounce.h"
   8          
   9          #define CLOCK 10000       //Hz
  10          #define DEBOUNCE_TIME 30  //ms
  11          #define LONG_PRESS 1000
  12          #define BUTTON_PRESSED 0
  13          #define BUTTON_RELEASED 1
  14          
  15          
  16          UINT8 button (bit pin)
  17          {
  18   1        static bit old = 0;
  19   1        UINT16 timer = 0;
  20   1        
  21   1        
  22   1        if (pin == old)
  23   1        return 0;
  24   1        
  25   1        else if (old == BUTTON_PRESSED && pin == BUTTON_RELEASED)
  26   1        {
  27   2          timer = timer_button();
  28   2          old = BUTTON_RELEASED;
  29   2          
  30   2          if (timer >= LONG_PRESS)
  31   2          return 2;
  32   2          
  33   2          else if(timer >= DEBOUNCE_TIME)
  34   2          return 1;
  35   2            
  36   2          else 
  37   2          return 0;
  38   2        }
  39   1          
  40   1        else
  41   1        { 
  42   2          old = BUTTON_PRESSED;
  43   2          timer_start();
  44   2          return 0;
  45   2        }
  46   1        return 0;
  47   1      }
  48          
  49          bit long_change (bit new_long)
  50          {
  51   1        static old_long = 0;
  52   1        if (old_long == new_long){}
  53   1      
C51 COMPILER V9.53.0.0   BUTTON_DEBOUNCE                                                   10/22/2019 02:12:25 PAGE 2   

  54   1        else
  55   1        {
  56   2          old_long = new_long;
  57   2          return 1;
  58   2        }
  59   1        return 0;
  60   1      }
  61          
  62          
  63          void timer_start()  //tim0
  64          {
  65   1        clr_TR0;
  66   1        TH0 = 0;
  67   1        TL0 = 0;
  68   1        set_TR0;
  69   1      }
  70          
  71          
  72          UINT16 timer_button (void)
  73          {
  74   1        UINT16 tic = 0;
  75   1        UINT16 time = 0;
  76   1        clr_TR0;
  77   1        tic = (TH0 << 8) + TL0;
  78   1        time = tic/(CLOCK/1000);
  79   1        return time;
  80   1      }
  81          
  82          
  83          
  84          
  85          
  86          
  87          
  88          
  89          
  90          
  91          
  92          
  93          
  94          
  95          
  96          
  97          
  98          
  99          
 100          


MODULE INFORMATION:   STATIC OVERLAYABLE
   CODE SIZE        =    177    ----
   CONSTANT SIZE    =   ----    ----
   XDATA SIZE       =   ----    ----
   PDATA SIZE       =   ----    ----
   DATA SIZE        =      8    ----
   IDATA SIZE       =   ----    ----
   BIT SIZE         =      3    ----
END OF MODULE INFORMATION.


C51 COMPILATION COMPLETE.  0 WARNING(S),  0 ERROR(S)
